Progress Logs
-------------
Number of Sensors: 1
Number of Read Keys: 1
Start Timestamp: 2023-06-10
End Timestamp: 2023-09-30
Average: 10
Fields: rssi,uptime,pa_latency,memory,humidity,humidity_a,humidity_b,temperature,temperature_a,temperature_b,pressure_a,pressure,pressure_b,voc,voc_a,voc_b,analog_input,pm1.0_atm,pm1.0_atm_a,pm1.0_atm_b,pm1.0_cf_1,pm1.0_cf_1_b,pm1.0_cf_1_a,pm2.5_alt_a,pm2.5_alt,pm2.5_alt_b,pm2.5_atm,pm2.5_atm_a,pm2.5_atm_b,pm2.5_cf_1,pm2.5_cf_1_a,pm2.5_cf_1_b,pm10.0_atm_a,pm10.0_atm,pm10.0_atm_b,pm10.0_cf_1,pm10.0_cf_1_a,pm10.0_cf_1_b,scattering_coefficient,scattering_coefficient_a,scattering_coefficient_b,deciviews,deciviews_a,deciviews_b,visual_range,visual_range_a,visual_range_b,0.3_um_count,0.3_um_count_a,0.3_um_count_b,0.5_um_count,0.5_um_count_a,0.5_um_count_b,1.0_um_count,1.0_um_count_a,1.0_um_count_b,2.5_um_count,2.5_um_count_a,2.5_um_count_b,5.0_um_count,5.0_um_count_a,5.0_um_count_b,10.0_um_count,10.0_um_count_a,10.0_um_count_b
-------------
Starting requests for sensor 171065.
Making request 1.
Making request 2.
Making request 3.
Making request 4.
Making request 5.
Making request 6.
Making request 7.
Making request 8.
Making request 9.
Making request 10.
Making request 11.
Making request 12.
Making request 13.
Making request 14.
Making request 15.
Making request 16.
Making request 17.
Making request 18.
Making request 19.
Making request 20.
Making request 21.
Making request 22.
Making request 23.
Making request 24.
Making request 25.
Making request 26.
Making request 27.
Making request 28.
Making request 29.
Making request 30.
Making request 31.
Making request 32.
Making request 33.
Making request 34.
Making request 35.
Making request 36.
Making request 37.
Making request 38.
Data download completed for sensor 171065.

Download request has been completed.
